42.0 APEX_CODE,FINEST;APEX_PROFILING,INFO;CALLOUT,INFO;DB,INFO;SYSTEM,DEBUG;VALIDATION,INFO;VISUALFORCE,INFO;WAVE,INFO;WORKFLOW,INFO
22:11:40.0 (70701)|USER_INFO|[EXTERNAL]|0051r00000885RF|fredericgeof@gmail.com|Heure d'Europe centrale|GMT+02:00
22:11:40.0 (105348)|EXECUTION_STARTED
22:11:40.0 (109673)|CODE_UNIT_STARTED|[EXTERNAL]|Aura
22:11:40.0 (2956310)|HEAP_ALLOCATE|[72]|Bytes:3
22:11:40.0 (3026660)|HEAP_ALLOCATE|[77]|Bytes:152
22:11:40.0 (3043053)|HEAP_ALLOCATE|[342]|Bytes:408
22:11:40.0 (3056465)|HEAP_ALLOCATE|[355]|Bytes:408
22:11:40.0 (3066827)|HEAP_ALLOCATE|[467]|Bytes:48
22:11:40.0 (3095111)|HEAP_ALLOCATE|[139]|Bytes:6
22:11:40.0 (3110102)|HEAP_ALLOCATE|[EXTERNAL]|Bytes:18
22:11:40.0 (3131963)|HEAP_ALLOCATE|[EXTERNAL]|Bytes:4
22:11:40.0 (4578000)|CODE_UNIT_STARTED|[EXTERNAL]|01p1r0000074k4D|MyContactListController.getContacts
22:11:40.0 (4729156)|HEAP_ALLOCATE|[EXTERNAL]|Bytes:1
22:11:40.0 (4761537)|METHOD_ENTRY|[1]|01p1r0000074k4D|MyContactListController.MyContactListController()
22:11:40.0 (4768498)|STATEMENT_EXECUTE|[1]
22:11:40.0 (4774043)|STATEMENT_EXECUTE|[1]
22:11:40.0 (4787148)|METHOD_EXIT|[1]|MyContactListController
22:11:40.0 (4792999)|HEAP_ALLOCATE|[EXTERNAL]|Bytes:4
22:11:40.0 (4809132)|SYSTEM_MODE_ENTER|false
22:11:40.0 (4936141)|VARIABLE_SCOPE_BEGIN|[3]|recordId|Id|false|false
22:11:40.0 (5080937)|VARIABLE_ASSIGNMENT|[3]|recordId|"0011r00001mcnLpAAI"
22:11:40.0 (5094194)|STATEMENT_EXECUTE|[3]
22:11:40.0 (5095982)|STATEMENT_EXECUTE|[4]
22:11:40.0 (5100052)|HEAP_ALLOCATE|[4]|Bytes:84
22:11:40.0 (5123735)|HEAP_ALLOCATE|[4]|Bytes:4
22:11:40.0 (5148255)|HEAP_ALLOCATE|[4]|Bytes:7
22:11:40.0 (5205675)|HEAP_ALLOCATE|[50]|Bytes:5
22:11:40.0 (5230605)|HEAP_ALLOCATE|[56]|Bytes:5
22:11:40.0 (5238164)|HEAP_ALLOCATE|[64]|Bytes:7
22:11:40.0 (5676556)|SOQL_EXECUTE_BEGIN|[4]|Aggregations:0|SELECT Id, FirstName, LastName, Email, Phone FROM Contact WHERE AccountId = :tmpVar1
22:11:40.0 (8883363)|SOQL_EXECUTE_END|[4]|Rows:2
22:11:40.0 (8906672)|HEAP_ALLOCATE|[4]|Bytes:12
22:11:40.0 (8927308)|HEAP_ALLOCATE|[4]|Bytes:236
22:11:40.0 (8969701)|HEAP_ALLOCATE|[4]|Bytes:12
22:11:40.0 (8983131)|SYSTEM_MODE_EXIT|false
22:11:40.9 (9011242)|CUMULATIVE_LIMIT_USAGE
22:11:40.9 (9011242)|LIMIT_USAGE_FOR_NS|(default)|
  Number of SOQL queries: 1 out of 100
  Number of query rows: 2 out of 50000
  Number of SOSL queries: 0 out of 20
  Number of DML statements: 0 out of 150
  Number of DML rows: 0 out of 10000
  Maximum CPU time: 0 out of 10000
  Maximum heap size: 0 out of 6000000
  Number of callouts: 0 out of 100
  Number of Email Invocations: 0 out of 10
  Number of future calls: 0 out of 50
  Number of queueable jobs added to the queue: 0 out of 50
  Number of Mobile Apex push calls: 0 out of 10

22:11:40.9 (9011242)|CUMULATIVE_LIMIT_USAGE_END

22:11:40.0 (9043881)|CODE_UNIT_FINISHED|MyContactListController.getContacts
22:11:40.0 (9123441)|CODE_UNIT_FINISHED|Aura
22:11:40.0 (11224232)|EXECUTION_FINISHED
