42.0 APEX_CODE,FINEST;APEX_PROFILING,INFO;CALLOUT,INFO;DB,INFO;SYSTEM,DEBUG;VALIDATION,INFO;VISUALFORCE,INFO;WAVE,INFO;WORKFLOW,INFO
22:14:29.0 (70096)|USER_INFO|[EXTERNAL]|0051r00000885RF|fredericgeof@gmail.com|Heure d'Europe centrale|GMT+02:00
22:14:29.0 (113709)|EXECUTION_STARTED
22:14:29.0 (117880)|CODE_UNIT_STARTED|[EXTERNAL]|Aura
22:14:29.0 (1177185)|HEAP_ALLOCATE|[72]|Bytes:3
22:14:29.0 (1238708)|HEAP_ALLOCATE|[77]|Bytes:152
22:14:29.0 (1256854)|HEAP_ALLOCATE|[342]|Bytes:408
22:14:29.0 (1272227)|HEAP_ALLOCATE|[355]|Bytes:408
22:14:29.0 (1283191)|HEAP_ALLOCATE|[467]|Bytes:48
22:14:29.0 (1343936)|HEAP_ALLOCATE|[139]|Bytes:6
22:14:29.0 (1359141)|HEAP_ALLOCATE|[EXTERNAL]|Bytes:18
22:14:29.0 (1377984)|HEAP_ALLOCATE|[EXTERNAL]|Bytes:4
22:14:29.0 (2573701)|CODE_UNIT_STARTED|[EXTERNAL]|01p1r0000074k4D|MyContactListController.getContacts
22:14:29.0 (2715013)|HEAP_ALLOCATE|[EXTERNAL]|Bytes:1
22:14:29.0 (2755359)|METHOD_ENTRY|[1]|01p1r0000074k4D|MyContactListController.MyContactListController()
22:14:29.0 (2765914)|STATEMENT_EXECUTE|[1]
22:14:29.0 (2772430)|STATEMENT_EXECUTE|[1]
22:14:29.0 (2786998)|METHOD_EXIT|[1]|MyContactListController
22:14:29.0 (2794009)|HEAP_ALLOCATE|[EXTERNAL]|Bytes:4
22:14:29.0 (2809071)|SYSTEM_MODE_ENTER|false
22:14:29.0 (2958639)|VARIABLE_SCOPE_BEGIN|[3]|recordId|Id|false|false
22:14:29.0 (3143064)|VARIABLE_ASSIGNMENT|[3]|recordId|"0011r00001mcnLpAAI"
22:14:29.0 (3158268)|STATEMENT_EXECUTE|[3]
22:14:29.0 (3160358)|STATEMENT_EXECUTE|[4]
22:14:29.0 (3165774)|HEAP_ALLOCATE|[4]|Bytes:84
22:14:29.0 (3183158)|HEAP_ALLOCATE|[4]|Bytes:4
22:14:29.0 (3201990)|HEAP_ALLOCATE|[4]|Bytes:7
22:14:29.0 (3246569)|HEAP_ALLOCATE|[50]|Bytes:5
22:14:29.0 (3264260)|HEAP_ALLOCATE|[56]|Bytes:5
22:14:29.0 (3271643)|HEAP_ALLOCATE|[64]|Bytes:7
22:14:29.0 (3641326)|SOQL_EXECUTE_BEGIN|[4]|Aggregations:0|SELECT Id, FirstName, LastName, Email, Phone FROM Contact WHERE AccountId = :tmpVar1
22:14:29.0 (6427662)|SOQL_EXECUTE_END|[4]|Rows:2
22:14:29.0 (6448885)|HEAP_ALLOCATE|[4]|Bytes:12
22:14:29.0 (6465302)|HEAP_ALLOCATE|[4]|Bytes:236
22:14:29.0 (6498529)|HEAP_ALLOCATE|[4]|Bytes:12
22:14:29.0 (6511183)|SYSTEM_MODE_EXIT|false
22:14:29.6 (6532372)|CUMULATIVE_LIMIT_USAGE
22:14:29.6 (6532372)|LIMIT_USAGE_FOR_NS|(default)|
  Number of SOQL queries: 1 out of 100
  Number of query rows: 2 out of 50000
  Number of SOSL queries: 0 out of 20
  Number of DML statements: 0 out of 150
  Number of DML rows: 0 out of 10000
  Maximum CPU time: 0 out of 10000
  Maximum heap size: 0 out of 6000000
  Number of callouts: 0 out of 100
  Number of Email Invocations: 0 out of 10
  Number of future calls: 0 out of 50
  Number of queueable jobs added to the queue: 0 out of 50
  Number of Mobile Apex push calls: 0 out of 10

22:14:29.6 (6532372)|CUMULATIVE_LIMIT_USAGE_END

22:14:29.0 (6560418)|CODE_UNIT_FINISHED|MyContactListController.getContacts
22:14:29.0 (6628522)|CODE_UNIT_FINISHED|Aura
22:14:29.0 (8118415)|EXECUTION_FINISHED
