42.0 APEX_CODE,FINEST;APEX_PROFILING,INFO;CALLOUT,INFO;DB,INFO;SYSTEM,DEBUG;VALIDATION,INFO;VISUALFORCE,INFO;WAVE,INFO;WORKFLOW,INFO
22:05:19.0 (96338)|USER_INFO|[EXTERNAL]|0051r00000885RF|fredericgeof@gmail.com|Heure d'Europe centrale|GMT+02:00
22:05:19.0 (131997)|EXECUTION_STARTED
22:05:19.0 (136689)|CODE_UNIT_STARTED|[EXTERNAL]|Aura
22:05:19.0 (1296879)|HEAP_ALLOCATE|[72]|Bytes:3
22:05:19.0 (1364203)|HEAP_ALLOCATE|[77]|Bytes:152
22:05:19.0 (1381128)|HEAP_ALLOCATE|[342]|Bytes:408
22:05:19.0 (1393734)|HEAP_ALLOCATE|[355]|Bytes:408
22:05:19.0 (1404251)|HEAP_ALLOCATE|[467]|Bytes:48
22:05:19.0 (1457589)|HEAP_ALLOCATE|[139]|Bytes:6
22:05:19.0 (1473471)|HEAP_ALLOCATE|[EXTERNAL]|Bytes:18
22:05:19.0 (1492349)|HEAP_ALLOCATE|[EXTERNAL]|Bytes:4
22:05:19.0 (2947188)|CODE_UNIT_STARTED|[EXTERNAL]|01p1r0000074k4D|MyContactListController.getContacts
22:05:19.0 (3099780)|HEAP_ALLOCATE|[EXTERNAL]|Bytes:1
22:05:19.0 (3129701)|METHOD_ENTRY|[1]|01p1r0000074k4D|MyContactListController.MyContactListController()
22:05:19.0 (3137981)|STATEMENT_EXECUTE|[1]
22:05:19.0 (3144202)|STATEMENT_EXECUTE|[1]
22:05:19.0 (3157916)|METHOD_EXIT|[1]|MyContactListController
22:05:19.0 (3164366)|HEAP_ALLOCATE|[EXTERNAL]|Bytes:4
22:05:19.0 (3179152)|SYSTEM_MODE_ENTER|false
22:05:19.0 (3339057)|VARIABLE_SCOPE_BEGIN|[3]|recordId|Id|false|false
22:05:19.0 (3489177)|VARIABLE_ASSIGNMENT|[3]|recordId|"0011r00001mcnLpAAI"
22:05:19.0 (3503283)|STATEMENT_EXECUTE|[3]
22:05:19.0 (3504885)|STATEMENT_EXECUTE|[4]
22:05:19.0 (3509521)|HEAP_ALLOCATE|[4]|Bytes:84
22:05:19.0 (3533441)|HEAP_ALLOCATE|[4]|Bytes:4
22:05:19.0 (3557017)|HEAP_ALLOCATE|[4]|Bytes:7
22:05:19.0 (3612532)|HEAP_ALLOCATE|[50]|Bytes:5
22:05:19.0 (3637420)|HEAP_ALLOCATE|[56]|Bytes:5
22:05:19.0 (3644634)|HEAP_ALLOCATE|[64]|Bytes:7
22:05:19.0 (4093796)|SOQL_EXECUTE_BEGIN|[4]|Aggregations:0|SELECT Id, FirstName, LastName, Email, Phone FROM Contact WHERE AccountId = :tmpVar1
22:05:19.0 (7252537)|SOQL_EXECUTE_END|[4]|Rows:2
22:05:19.0 (7275491)|HEAP_ALLOCATE|[4]|Bytes:12
22:05:19.0 (7297120)|HEAP_ALLOCATE|[4]|Bytes:236
22:05:19.0 (7347660)|HEAP_ALLOCATE|[4]|Bytes:12
22:05:19.0 (7360577)|SYSTEM_MODE_EXIT|false
22:05:19.7 (7387560)|CUMULATIVE_LIMIT_USAGE
22:05:19.7 (7387560)|LIMIT_USAGE_FOR_NS|(default)|
  Number of SOQL queries: 1 out of 100
  Number of query rows: 2 out of 50000
  Number of SOSL queries: 0 out of 20
  Number of DML statements: 0 out of 150
  Number of DML rows: 0 out of 10000
  Maximum CPU time: 0 out of 10000
  Maximum heap size: 0 out of 6000000
  Number of callouts: 0 out of 100
  Number of Email Invocations: 0 out of 10
  Number of future calls: 0 out of 50
  Number of queueable jobs added to the queue: 0 out of 50
  Number of Mobile Apex push calls: 0 out of 10

22:05:19.7 (7387560)|CUMULATIVE_LIMIT_USAGE_END

22:05:19.0 (7424685)|CODE_UNIT_FINISHED|MyContactListController.getContacts
22:05:19.0 (7495194)|CODE_UNIT_FINISHED|Aura
22:05:19.0 (9139893)|EXECUTION_FINISHED
