42.0 APEX_CODE,FINEST;APEX_PROFILING,INFO;CALLOUT,INFO;DB,INFO;SYSTEM,DEBUG;VALIDATION,INFO;VISUALFORCE,INFO;WAVE,INFO;WORKFLOW,INFO
22:16:38.0 (88223)|USER_INFO|[EXTERNAL]|0051r00000885RF|fredericgeof@gmail.com|Heure d'Europe centrale|GMT+02:00
22:16:38.0 (124973)|EXECUTION_STARTED
22:16:38.0 (128739)|CODE_UNIT_STARTED|[EXTERNAL]|Aura
22:16:38.0 (1038186)|HEAP_ALLOCATE|[72]|Bytes:3
22:16:38.0 (1102248)|HEAP_ALLOCATE|[77]|Bytes:152
22:16:38.0 (1120190)|HEAP_ALLOCATE|[342]|Bytes:408
22:16:38.0 (1133384)|HEAP_ALLOCATE|[355]|Bytes:408
22:16:38.0 (1144072)|HEAP_ALLOCATE|[467]|Bytes:48
22:16:38.0 (1197814)|HEAP_ALLOCATE|[139]|Bytes:6
22:16:38.0 (1213991)|HEAP_ALLOCATE|[EXTERNAL]|Bytes:18
22:16:38.0 (1239619)|HEAP_ALLOCATE|[EXTERNAL]|Bytes:4
22:16:38.0 (2131128)|CODE_UNIT_STARTED|[EXTERNAL]|01p1r0000074k4D|MyContactListController.getContacts
22:16:38.0 (2275492)|HEAP_ALLOCATE|[EXTERNAL]|Bytes:1
22:16:38.0 (2307195)|METHOD_ENTRY|[1]|01p1r0000074k4D|MyContactListController.MyContactListController()
22:16:38.0 (2314400)|STATEMENT_EXECUTE|[1]
22:16:38.0 (2320004)|STATEMENT_EXECUTE|[1]
22:16:38.0 (2332135)|METHOD_EXIT|[1]|MyContactListController
22:16:38.0 (2338614)|HEAP_ALLOCATE|[EXTERNAL]|Bytes:4
22:16:38.0 (2352832)|SYSTEM_MODE_ENTER|false
22:16:38.0 (2361612)|VARIABLE_SCOPE_BEGIN|[3]|recordId|Id|false|false
22:16:38.0 (2504195)|VARIABLE_ASSIGNMENT|[3]|recordId|"0011r00001mcnLpAAI"
22:16:38.0 (2516179)|STATEMENT_EXECUTE|[3]
22:16:38.0 (2517805)|STATEMENT_EXECUTE|[4]
22:16:38.0 (2532549)|HEAP_ALLOCATE|[4]|Bytes:84
22:16:38.0 (2556584)|HEAP_ALLOCATE|[4]|Bytes:4
22:16:38.0 (2579527)|HEAP_ALLOCATE|[4]|Bytes:7
22:16:38.0 (2633889)|HEAP_ALLOCATE|[50]|Bytes:5
22:16:38.0 (2666405)|HEAP_ALLOCATE|[56]|Bytes:5
22:16:38.0 (2679308)|HEAP_ALLOCATE|[64]|Bytes:7
22:16:38.0 (3114112)|SOQL_EXECUTE_BEGIN|[4]|Aggregations:0|SELECT Id, FirstName, LastName, Email, Phone FROM Contact WHERE AccountId = :tmpVar1
22:16:38.0 (5827662)|SOQL_EXECUTE_END|[4]|Rows:2
22:16:38.0 (5850407)|HEAP_ALLOCATE|[4]|Bytes:12
22:16:38.0 (5871736)|HEAP_ALLOCATE|[4]|Bytes:236
22:16:38.0 (5915035)|HEAP_ALLOCATE|[4]|Bytes:12
22:16:38.0 (5927045)|SYSTEM_MODE_EXIT|false
22:16:38.5 (5962133)|CUMULATIVE_LIMIT_USAGE
22:16:38.5 (5962133)|LIMIT_USAGE_FOR_NS|(default)|
  Number of SOQL queries: 1 out of 100
  Number of query rows: 2 out of 50000
  Number of SOSL queries: 0 out of 20
  Number of DML statements: 0 out of 150
  Number of DML rows: 0 out of 10000
  Maximum CPU time: 0 out of 10000
  Maximum heap size: 0 out of 6000000
  Number of callouts: 0 out of 100
  Number of Email Invocations: 0 out of 10
  Number of future calls: 0 out of 50
  Number of queueable jobs added to the queue: 0 out of 50
  Number of Mobile Apex push calls: 0 out of 10

22:16:38.5 (5962133)|CUMULATIVE_LIMIT_USAGE_END

22:16:38.0 (5991944)|CODE_UNIT_FINISHED|MyContactListController.getContacts
22:16:38.0 (6058849)|CODE_UNIT_FINISHED|Aura
22:16:38.0 (7356942)|EXECUTION_FINISHED
