42.0 APEX_CODE,FINEST;APEX_PROFILING,INFO;CALLOUT,INFO;DB,INFO;SYSTEM,DEBUG;VALIDATION,INFO;VISUALFORCE,INFO;WAVE,INFO;WORKFLOW,INFO
22:04:11.0 (58363)|USER_INFO|[EXTERNAL]|0051r00000885RF|fredericgeof@gmail.com|Heure d'Europe centrale|GMT+02:00
22:04:11.0 (98012)|EXECUTION_STARTED
22:04:11.0 (100478)|CODE_UNIT_STARTED|[EXTERNAL]|DuplicateDetector
22:04:11.0 (113636)|DUPLICATE_DETECTION_BEGIN
22:04:11.0 (155758)|DUPLICATE_DETECTION_RULE_INVOCATION|DuplicateRuleId:0Bm1r0000012r14|DuplicateRuleName:Standard Account Duplicate Rule|DmlType:
22:04:11.0 (83707979)|DUPLICATE_DETECTION_MATCH_INVOCATION_DETAILS|EntityId:0011r00001mcnLp|ActionTaken:|DuplicateRecordIds:
22:04:11.0 (83742150)|DUPLICATE_DETECTION_MATCH_INVOCATION_SUMMARY|EntityType:Account|NumRecordsToBeSaved:1|NumRecordsToBeSavedWithDuplicates:0|NumDuplicateRecordsFound:0
22:04:11.0 (83937528)|DUPLICATE_DETECTION_END
22:04:11.0 (83942873)|CODE_UNIT_FINISHED|DuplicateDetector
22:04:11.0 (83950502)|EXECUTION_FINISHED
ntactListController()
22:04:11.0 (2870431)|STATEMENT_EXECUTE|[1]
22:04:11.0 (2875153)|STATEMENT_EXECUTE|[1]
22:04:11.0 (2888674)|METHOD_EXIT|[1]|MyContactListController
22:04:11.0 (2894967)|HEAP_ALLOCATE|[EXTERNAL]|Bytes:4
22:04:11.0 (2908571)|SYSTEM_MODE_ENTER|false
22:04:11.0 (3045319)|VARIABLE_SCOPE_BEGIN|[3]|recordId|Id|false|false
22:04:11.0 (3258916)|VARIABLE_ASSIGNMENT|[3]|recordId|"0011r00001mcnLpAAI"
22:04:11.0 (3271330)|STATEMENT_EXECUTE|[3]
22:04:11.0 (3273023)|STATEMENT_EXECUTE|[4]
22:04:11.0 (3276937)|HEAP_ALLOCATE|[4]|Bytes:84
22:04:11.0 (3298359)|HEAP_ALLOCATE|[4]|Bytes:4
22:04:11.0 (3321654)|HEAP_ALLOCATE|[4]|Bytes:7
22:04:11.0 (3375505)|HEAP_ALLOCATE|[50]|Bytes:5
22:04:11.0 (3396944)|HEAP_ALLOCATE|[56]|Bytes:5
22:04:11.0 (3403669)|HEAP_ALLOCATE|[64]|Bytes:7
22:04:11.0 (4404365)|SOQL_EXECUTE_BEGIN|[4]|Aggregations:0|SELECT Id, FirstName, LastName, Email, Phone FROM Contact WHERE AccountId = :tmpVar1
22:04:11.0 (8842152)|SOQL_EXECUTE_END|[4]|Rows:2
22:04:11.0 (8873500)|HEAP_ALLOCATE|[4]|Bytes:12
22:04:11.0 (8899937)|HEAP_ALLOCATE|[4]|Bytes:236
22:04:11.0 (8963193)|HEAP_ALLOCATE|[4]|Bytes:12
22:04:11.0 (8981049)|SYSTEM_MODE_EXIT|false
22:04:11.9 (9024841)|CUMULATIVE_LIMIT_USAGE
22:04:11.9 (9024841)|LIMIT_USAGE_FOR_NS|(default)|
  Number of SOQL queries: 1 out of 100
  Number of query rows: 2 out of 50000
  Number of SOSL queries: 0 out of 20
  Number of DML statements: 0 out of 150
  Number of DML rows: 0 out of 10000
  Maximum CPU time: 0 out of 10000
  Maximum heap size: 0 out of 6000000
  Number of callouts: 0 out of 100
  Number of Email Invocations: 0 out of 10
  Number of future calls: 0 out of 50
  Number of queueable jobs added to the queue: 0 out of 50
  Number of Mobile Apex push calls: 0 out of 10

22:04:11.9 (9024841)|CUMULATIVE_LIMIT_USAGE_END

22:04:11.0 (9064229)|CODE_UNIT_FINISHED|MyContactListController.getContacts
22:04:11.0 (9151381)|CODE_UNIT_FINISHED|Aura
22:04:11.0 (10575675)|EXECUTION_FINISHED
