42.0 APEX_CODE,FINEST;APEX_PROFILING,INFO;CALLOUT,INFO;DB,INFO;SYSTEM,DEBUG;VALIDATION,INFO;VISUALFORCE,INFO;WAVE,INFO;WORKFLOW,INFO
22:13:04.0 (62856)|USER_INFO|[EXTERNAL]|0051r00000885RF|fredericgeof@gmail.com|Heure d'Europe centrale|GMT+02:00
22:13:04.0 (95662)|EXECUTION_STARTED
22:13:04.0 (100787)|CODE_UNIT_STARTED|[EXTERNAL]|Aura
22:13:04.0 (1097096)|HEAP_ALLOCATE|[72]|Bytes:3
22:13:04.0 (1155470)|HEAP_ALLOCATE|[77]|Bytes:152
22:13:04.0 (1171799)|HEAP_ALLOCATE|[342]|Bytes:408
22:13:04.0 (1184090)|HEAP_ALLOCATE|[355]|Bytes:408
22:13:04.0 (1194947)|HEAP_ALLOCATE|[467]|Bytes:48
22:13:04.0 (1221255)|HEAP_ALLOCATE|[139]|Bytes:6
22:13:04.0 (1235241)|HEAP_ALLOCATE|[EXTERNAL]|Bytes:18
22:13:04.0 (1261312)|HEAP_ALLOCATE|[EXTERNAL]|Bytes:4
22:13:04.0 (2741360)|CODE_UNIT_STARTED|[EXTERNAL]|01p1r0000074k4D|MyContactListController.getContacts
22:13:04.0 (2886844)|HEAP_ALLOCATE|[EXTERNAL]|Bytes:1
22:13:04.0 (2919229)|METHOD_ENTRY|[1]|01p1r0000074k4D|MyContactListController.MyContactListController()
22:13:04.0 (2926237)|STATEMENT_EXECUTE|[1]
22:13:04.0 (2932667)|STATEMENT_EXECUTE|[1]
22:13:04.0 (2945308)|METHOD_EXIT|[1]|MyContactListController
22:13:04.0 (2951316)|HEAP_ALLOCATE|[EXTERNAL]|Bytes:4
22:13:04.0 (2965701)|SYSTEM_MODE_ENTER|false
22:13:04.0 (3103645)|VARIABLE_SCOPE_BEGIN|[3]|recordId|Id|false|false
22:13:04.0 (3353940)|VARIABLE_ASSIGNMENT|[3]|recordId|"0011r00001mcnLpAAI"
22:13:04.0 (3368287)|STATEMENT_EXECUTE|[3]
22:13:04.0 (3369994)|STATEMENT_EXECUTE|[4]
22:13:04.0 (3374022)|HEAP_ALLOCATE|[4]|Bytes:84
22:13:04.0 (3395110)|HEAP_ALLOCATE|[4]|Bytes:4
22:13:04.0 (3418017)|HEAP_ALLOCATE|[4]|Bytes:7
22:13:04.0 (3469444)|HEAP_ALLOCATE|[50]|Bytes:5
22:13:04.0 (3492939)|HEAP_ALLOCATE|[56]|Bytes:5
22:13:04.0 (3500504)|HEAP_ALLOCATE|[64]|Bytes:7
22:13:04.0 (3917072)|SOQL_EXECUTE_BEGIN|[4]|Aggregations:0|SELECT Id, FirstName, LastName, Email, Phone FROM Contact WHERE AccountId = :tmpVar1
22:13:04.0 (6589859)|SOQL_EXECUTE_END|[4]|Rows:2
22:13:04.0 (6611712)|HEAP_ALLOCATE|[4]|Bytes:12
22:13:04.0 (6632565)|HEAP_ALLOCATE|[4]|Bytes:236
22:13:04.0 (6672204)|HEAP_ALLOCATE|[4]|Bytes:12
22:13:04.0 (6687597)|SYSTEM_MODE_EXIT|false
22:13:04.6 (6708432)|CUMULATIVE_LIMIT_USAGE
22:13:04.6 (6708432)|LIMIT_USAGE_FOR_NS|(default)|
  Number of SOQL queries: 1 out of 100
  Number of query rows: 2 out of 50000
  Number of SOSL queries: 0 out of 20
  Number of DML statements: 0 out of 150
  Number of DML rows: 0 out of 10000
  Maximum CPU time: 0 out of 10000
  Maximum heap size: 0 out of 6000000
  Number of callouts: 0 out of 100
  Number of Email Invocations: 0 out of 10
  Number of future calls: 0 out of 50
  Number of queueable jobs added to the queue: 0 out of 50
  Number of Mobile Apex push calls: 0 out of 10

22:13:04.6 (6708432)|CUMULATIVE_LIMIT_USAGE_END

22:13:04.0 (6737006)|CODE_UNIT_FINISHED|MyContactListController.getContacts
22:13:04.0 (6801519)|CODE_UNIT_FINISHED|Aura
22:13:04.0 (8445129)|EXECUTION_FINISHED
