42.0 APEX_CODE,FINEST;APEX_PROFILING,INFO;CALLOUT,INFO;DB,INFO;SYSTEM,DEBUG;VALIDATION,INFO;VISUALFORCE,INFO;WAVE,INFO;WORKFLOW,INFO
22:16:44.0 (60073)|USER_INFO|[EXTERNAL]|0051r00000885RF|fredericgeof@gmail.com|Heure d'Europe centrale|GMT+02:00
22:16:44.0 (93881)|EXECUTION_STARTED
22:16:44.0 (97909)|CODE_UNIT_STARTED|[EXTERNAL]|Aura
22:16:44.0 (993419)|HEAP_ALLOCATE|[72]|Bytes:3
22:16:44.0 (1057381)|HEAP_ALLOCATE|[77]|Bytes:152
22:16:44.0 (1071694)|HEAP_ALLOCATE|[342]|Bytes:408
22:16:44.0 (1084635)|HEAP_ALLOCATE|[355]|Bytes:408
22:16:44.0 (1094898)|HEAP_ALLOCATE|[467]|Bytes:48
22:16:44.0 (1147601)|HEAP_ALLOCATE|[139]|Bytes:6
22:16:44.0 (1163681)|HEAP_ALLOCATE|[EXTERNAL]|Bytes:18
22:16:44.0 (1184486)|HEAP_ALLOCATE|[EXTERNAL]|Bytes:4
22:16:44.0 (2784390)|CODE_UNIT_STARTED|[EXTERNAL]|01p1r0000074k4D|MyContactListController.getContacts
22:16:44.0 (2920165)|HEAP_ALLOCATE|[EXTERNAL]|Bytes:1
22:16:44.0 (2950562)|METHOD_ENTRY|[1]|01p1r0000074k4D|MyContactListController.MyContactListController()
22:16:44.0 (2957637)|STATEMENT_EXECUTE|[1]
22:16:44.0 (2962869)|STATEMENT_EXECUTE|[1]
22:16:44.0 (2975600)|METHOD_EXIT|[1]|MyContactListController
22:16:44.0 (2982241)|HEAP_ALLOCATE|[EXTERNAL]|Bytes:4
22:16:44.0 (2996681)|SYSTEM_MODE_ENTER|false
22:16:44.0 (3005448)|VARIABLE_SCOPE_BEGIN|[3]|recordId|Id|false|false
22:16:44.0 (3149607)|VARIABLE_ASSIGNMENT|[3]|recordId|"0011r00001mcnLpAAI"
22:16:44.0 (3163062)|STATEMENT_EXECUTE|[3]
22:16:44.0 (3164645)|STATEMENT_EXECUTE|[4]
22:16:44.0 (3168570)|HEAP_ALLOCATE|[4]|Bytes:84
22:16:44.0 (3190739)|HEAP_ALLOCATE|[4]|Bytes:4
22:16:44.0 (3213528)|HEAP_ALLOCATE|[4]|Bytes:7
22:16:44.0 (3266506)|HEAP_ALLOCATE|[50]|Bytes:5
22:16:44.0 (3289014)|HEAP_ALLOCATE|[56]|Bytes:5
22:16:44.0 (3295997)|HEAP_ALLOCATE|[64]|Bytes:7
22:16:44.0 (3749201)|SOQL_EXECUTE_BEGIN|[4]|Aggregations:0|SELECT Id, FirstName, LastName, Email, Phone FROM Contact WHERE AccountId = :tmpVar1
22:16:44.0 (6652350)|SOQL_EXECUTE_END|[4]|Rows:2
22:16:44.0 (6674615)|HEAP_ALLOCATE|[4]|Bytes:12
22:16:44.0 (6693879)|HEAP_ALLOCATE|[4]|Bytes:236
22:16:44.0 (6735098)|HEAP_ALLOCATE|[4]|Bytes:12
22:16:44.0 (6749107)|SYSTEM_MODE_EXIT|false
22:16:44.6 (6770965)|CUMULATIVE_LIMIT_USAGE
22:16:44.6 (6770965)|LIMIT_USAGE_FOR_NS|(default)|
  Number of SOQL queries: 1 out of 100
  Number of query rows: 2 out of 50000
  Number of SOSL queries: 0 out of 20
  Number of DML statements: 0 out of 150
  Number of DML rows: 0 out of 10000
  Maximum CPU time: 0 out of 10000
  Maximum heap size: 0 out of 6000000
  Number of callouts: 0 out of 100
  Number of Email Invocations: 0 out of 10
  Number of future calls: 0 out of 50
  Number of queueable jobs added to the queue: 0 out of 50
  Number of Mobile Apex push calls: 0 out of 10

22:16:44.6 (6770965)|CUMULATIVE_LIMIT_USAGE_END

22:16:44.0 (6800090)|CODE_UNIT_FINISHED|MyContactListController.getContacts
22:16:44.0 (6865294)|CODE_UNIT_FINISHED|Aura
22:16:44.0 (8871730)|EXECUTION_FINISHED
