42.0 APEX_CODE,FINEST;APEX_PROFILING,INFO;CALLOUT,INFO;DB,INFO;SYSTEM,DEBUG;VALIDATION,INFO;VISUALFORCE,INFO;WAVE,INFO;WORKFLOW,INFO
22:13:13.0 (65668)|USER_INFO|[EXTERNAL]|0051r00000885RF|fredericgeof@gmail.com|Heure d'Europe centrale|GMT+02:00
22:13:13.0 (99374)|EXECUTION_STARTED
22:13:13.0 (103328)|CODE_UNIT_STARTED|[EXTERNAL]|Aura
22:13:13.0 (1013282)|HEAP_ALLOCATE|[72]|Bytes:3
22:13:13.0 (1058328)|HEAP_ALLOCATE|[77]|Bytes:152
22:13:13.0 (1072664)|HEAP_ALLOCATE|[342]|Bytes:408
22:13:13.0 (1085101)|HEAP_ALLOCATE|[355]|Bytes:408
22:13:13.0 (1095510)|HEAP_ALLOCATE|[467]|Bytes:48
22:13:13.0 (1123976)|HEAP_ALLOCATE|[139]|Bytes:6
22:13:13.0 (1138412)|HEAP_ALLOCATE|[EXTERNAL]|Bytes:18
22:13:13.0 (1148908)|HEAP_ALLOCATE|[EXTERNAL]|Bytes:4
22:13:13.0 (2610371)|CODE_UNIT_STARTED|[EXTERNAL]|01p1r0000074k4D|MyContactListController.getContacts
22:13:13.0 (2760990)|HEAP_ALLOCATE|[EXTERNAL]|Bytes:1
22:13:13.0 (2804881)|METHOD_ENTRY|[1]|01p1r0000074k4D|MyContactListController.MyContactListController()
22:13:13.0 (2811913)|STATEMENT_EXECUTE|[1]
22:13:13.0 (2817471)|STATEMENT_EXECUTE|[1]
22:13:13.0 (2831344)|METHOD_EXIT|[1]|MyContactListController
22:13:13.0 (2837664)|HEAP_ALLOCATE|[EXTERNAL]|Bytes:4
22:13:13.0 (2851966)|SYSTEM_MODE_ENTER|false
22:13:13.0 (2861364)|VARIABLE_SCOPE_BEGIN|[3]|recordId|Id|false|false
22:13:13.0 (3008783)|VARIABLE_ASSIGNMENT|[3]|recordId|"0011r00001mcnLpAAI"
22:13:13.0 (3022255)|STATEMENT_EXECUTE|[3]
22:13:13.0 (3023662)|STATEMENT_EXECUTE|[4]
22:13:13.0 (3027708)|HEAP_ALLOCATE|[4]|Bytes:84
22:13:13.0 (3051074)|HEAP_ALLOCATE|[4]|Bytes:4
22:13:13.0 (3065515)|HEAP_ALLOCATE|[4]|Bytes:7
22:13:13.0 (3111290)|HEAP_ALLOCATE|[50]|Bytes:5
22:13:13.0 (3134631)|HEAP_ALLOCATE|[56]|Bytes:5
22:13:13.0 (3141344)|HEAP_ALLOCATE|[64]|Bytes:7
22:13:13.0 (3581767)|SOQL_EXECUTE_BEGIN|[4]|Aggregations:0|SELECT Id, FirstName, LastName, Email, Phone FROM Contact WHERE AccountId = :tmpVar1
22:13:13.0 (6712316)|SOQL_EXECUTE_END|[4]|Rows:2
22:13:13.0 (6739387)|HEAP_ALLOCATE|[4]|Bytes:12
22:13:13.0 (6759703)|HEAP_ALLOCATE|[4]|Bytes:236
22:13:13.0 (6805847)|HEAP_ALLOCATE|[4]|Bytes:12
22:13:13.0 (6820170)|SYSTEM_MODE_EXIT|false
22:13:13.6 (6840625)|CUMULATIVE_LIMIT_USAGE
22:13:13.6 (6840625)|LIMIT_USAGE_FOR_NS|(default)|
  Number of SOQL queries: 1 out of 100
  Number of query rows: 2 out of 50000
  Number of SOSL queries: 0 out of 20
  Number of DML statements: 0 out of 150
  Number of DML rows: 0 out of 10000
  Maximum CPU time: 0 out of 10000
  Maximum heap size: 0 out of 6000000
  Number of callouts: 0 out of 100
  Number of Email Invocations: 0 out of 10
  Number of future calls: 0 out of 50
  Number of queueable jobs added to the queue: 0 out of 50
  Number of Mobile Apex push calls: 0 out of 10

22:13:13.6 (6840625)|CUMULATIVE_LIMIT_USAGE_END

22:13:13.0 (6870300)|CODE_UNIT_FINISHED|MyContactListController.getContacts
22:13:13.0 (6943343)|CODE_UNIT_FINISHED|Aura
22:13:13.0 (8804068)|EXECUTION_FINISHED
