42.0 APEX_CODE,FINEST;APEX_PROFILING,INFO;CALLOUT,INFO;DB,INFO;SYSTEM,DEBUG;VALIDATION,INFO;VISUALFORCE,INFO;WAVE,INFO;WORKFLOW,INFO
22:05:53.0 (77358)|USER_INFO|[EXTERNAL]|0051r00000885RF|fredericgeof@gmail.com|Heure d'Europe centrale|GMT+02:00
22:05:53.0 (117685)|EXECUTION_STARTED
22:05:53.0 (121738)|CODE_UNIT_STARTED|[EXTERNAL]|Aura
22:05:53.0 (1407510)|HEAP_ALLOCATE|[72]|Bytes:3
22:05:53.0 (1464124)|HEAP_ALLOCATE|[77]|Bytes:152
22:05:53.0 (1490532)|HEAP_ALLOCATE|[342]|Bytes:408
22:05:53.0 (1511805)|HEAP_ALLOCATE|[355]|Bytes:408
22:05:53.0 (1529542)|HEAP_ALLOCATE|[467]|Bytes:48
22:05:53.0 (1565672)|HEAP_ALLOCATE|[139]|Bytes:6
22:05:53.0 (1588512)|HEAP_ALLOCATE|[EXTERNAL]|Bytes:18
22:05:53.0 (1601193)|HEAP_ALLOCATE|[EXTERNAL]|Bytes:4
22:05:53.0 (3017143)|CODE_UNIT_STARTED|[EXTERNAL]|01p1r0000074k4D|MyContactListController.getContacts
22:05:53.0 (3190236)|HEAP_ALLOCATE|[EXTERNAL]|Bytes:1
22:05:53.0 (3205944)|METHOD_ENTRY|[1]|01p1r0000074k4D|MyContactListController.MyContactListController()
22:05:53.0 (3212554)|STATEMENT_EXECUTE|[1]
22:05:53.0 (3217780)|STATEMENT_EXECUTE|[1]
22:05:53.0 (3222914)|METHOD_EXIT|[1]|MyContactListController
22:05:53.0 (3228317)|HEAP_ALLOCATE|[EXTERNAL]|Bytes:4
22:05:53.0 (3243279)|SYSTEM_MODE_ENTER|false
22:05:53.0 (3258472)|VARIABLE_SCOPE_BEGIN|[3]|recordId|Id|false|false
22:05:53.0 (3405470)|VARIABLE_ASSIGNMENT|[3]|recordId|"0011r00001mcnLpAAI"
22:05:53.0 (3419026)|STATEMENT_EXECUTE|[3]
22:05:53.0 (3420894)|STATEMENT_EXECUTE|[4]
22:05:53.0 (3425735)|HEAP_ALLOCATE|[4]|Bytes:84
22:05:53.0 (3450600)|HEAP_ALLOCATE|[4]|Bytes:4
22:05:53.0 (3465505)|HEAP_ALLOCATE|[4]|Bytes:7
22:05:53.0 (3516605)|HEAP_ALLOCATE|[50]|Bytes:5
22:05:53.0 (3541593)|HEAP_ALLOCATE|[56]|Bytes:5
22:05:53.0 (3549406)|HEAP_ALLOCATE|[64]|Bytes:7
22:05:53.0 (4022532)|SOQL_EXECUTE_BEGIN|[4]|Aggregations:0|SELECT Id, FirstName, LastName, Email, Phone FROM Contact WHERE AccountId = :tmpVar1
22:05:53.0 (7887015)|SOQL_EXECUTE_END|[4]|Rows:2
22:05:53.0 (7919202)|HEAP_ALLOCATE|[4]|Bytes:12
22:05:53.0 (7946073)|HEAP_ALLOCATE|[4]|Bytes:236
22:05:53.0 (8010424)|HEAP_ALLOCATE|[4]|Bytes:12
22:05:53.0 (8029360)|SYSTEM_MODE_EXIT|false
22:05:53.8 (8063517)|CUMULATIVE_LIMIT_USAGE
22:05:53.8 (8063517)|LIMIT_USAGE_FOR_NS|(default)|
  Number of SOQL queries: 1 out of 100
  Number of query rows: 2 out of 50000
  Number of SOSL queries: 0 out of 20
  Number of DML statements: 0 out of 150
  Number of DML rows: 0 out of 10000
  Maximum CPU time: 0 out of 10000
  Maximum heap size: 0 out of 6000000
  Number of callouts: 0 out of 100
  Number of Email Invocations: 0 out of 10
  Number of future calls: 0 out of 50
  Number of queueable jobs added to the queue: 0 out of 50
  Number of Mobile Apex push calls: 0 out of 10

22:05:53.8 (8063517)|CUMULATIVE_LIMIT_USAGE_END

22:05:53.0 (8111268)|CODE_UNIT_FINISHED|MyContactListController.getContacts
22:05:53.0 (8212812)|CODE_UNIT_FINISHED|Aura
22:05:53.0 (10103664)|EXECUTION_FINISHED
